Arguments: 
  /usr/local/bin/node /usr/local/bin/yarn add v1.22.19

PATH: 
  /home/john/.rvm/gems/ruby-3.1.2/bin:/home/john/.rvm/gems/ruby-3.1.2@global/bin:/home/john/.rvm/rubies/ruby-3.1.2/bin:/home/john/.rvm/bin:/usr/local/sbin:/usr/local/bin:/usr/sbin:/usr/bin:/sbin:/bin:/usr/games:/usr/local/games:/snap/bin

Yarn version: 
  1.22.19

Node version: 
  16.17.0

Platform: 
  linux x64

Trace: 
  Error: https://registry.yarnpkg.com/v1.22.19: Not found
      at Request.params.callback [as _callback] (/usr/local/lib/node_modules/yarn/lib/cli.js:66145:18)
      at Request.self.callback (/usr/local/lib/node_modules/yarn/lib/cli.js:140890:22)
      at Request.emit (node:events:513:28)
      at Request.<anonymous> (/usr/local/lib/node_modules/yarn/lib/cli.js:141862:10)
      at Request.emit (node:events:513:28)
      at IncomingMessage.<anonymous> (/usr/local/lib/node_modules/yarn/lib/cli.js:141784:12)
      at Object.onceWrapper (node:events:627:28)
      at IncomingMessage.emit (node:events:525:35)
      at endReadableNT (node:internal/streams/readable:1358:12)
      at processTicksAndRejections (node:internal/process/task_queues:83:21)

npm manifest: 
  {
    "name": "app",
    "private": "true",
    "dependencies": {
      "@hotwired/stimulus": "^3.0.1",
      "bootstrap": "^5.2.2",
      "css": "^3.0.0",
      "jquery": "^3.6.1",
      "popper.js": "^1.16.1"
    }
  }

yarn manifest: 
  No manifest

Lockfile: 
  # THIS IS AN AUTOGENERATED FILE. DO NOT EDIT THIS FILE DIRECTLY.
  # yarn lockfile v1
  
  
  "@hotwired/stimulus@^3.0.1":
    version "3.1.1"
    resolved "https://registry.npmjs.org/@hotwired/stimulus/-/stimulus-3.1.1.tgz"
    integrity sha512-e0JpzIaYLsRRXevRDVs0yevabiCvieIWWCwh7VqVXjXM5AOHdjb7AjaKIj34zYFmY1N6HIRRfk915WVMYlHnDA==
  
  atob@^2.1.2:
    version "2.1.2"
    resolved "https://registry.npmjs.org/atob/-/atob-2.1.2.tgz"
    integrity sha512-Wm6ukoaOGJi/73p/cl2GvLjTI5JM1k/O14isD73YML8StrH/7/lRFgmg8nICZgD3bZZvjwCGxtMOD3wWNAu8cg==
  
  bootstrap@^5.2.2:
    version "5.2.2"
    resolved "https://registry.npmjs.org/bootstrap/-/bootstrap-5.2.2.tgz"
    integrity sha512-dEtzMTV71n6Fhmbg4fYJzQsw1N29hJKO1js5ackCgIpDcGid2ETMGC6zwSYw09v05Y+oRdQ9loC54zB1La3hHQ==
  
  css@^3.0.0:
    version "3.0.0"
    resolved "https://registry.npmjs.org/css/-/css-3.0.0.tgz"
    integrity sha512-DG9pFfwOrzc+hawpmqX/dHYHJG+Bsdb0klhyi1sDneOgGOXy9wQIC8hzyVp1e4NRYDBdxcylvywPkkXCHAzTyQ==
    dependencies:
      inherits "^2.0.4"
      source-map "^0.6.1"
      source-map-resolve "^0.6.0"
  
  decode-uri-component@^0.2.0:
    version "0.2.0"
    resolved "https://registry.npmjs.org/decode-uri-component/-/decode-uri-component-0.2.0.tgz"
    integrity sha512-hjf+xovcEn31w/EUYdTXQh/8smFL/dzYjohQGEIgjyNavaJfBY2p5F527Bo1VPATxv0VYTUC2bOcXvqFwk78Og==
  
  inherits@^2.0.4:
    version "2.0.4"
    resolved "https://registry.npmjs.org/inherits/-/inherits-2.0.4.tgz"
    integrity sha512-k/vGaX4/Yla3WzyMCvTQOXYeIHvqOKtnqBduzTHpzpQZzAskKMhZ2K+EnBiSM9zGSoIFeMpXKxa4dYeZIQqewQ==
  
  jquery@^3.6.1:
    version "3.6.1"
    resolved "https://registry.npmjs.org/jquery/-/jquery-3.6.1.tgz"
    integrity sha512-opJeO4nCucVnsjiXOE+/PcCgYw9Gwpvs/a6B1LL/lQhwWwpbVEVYDZ1FokFr8PRc7ghYlrFPuyHuiiDNTQxmcw==
  
  popper.js@^1.16.1:
    version "1.16.1"
    resolved "https://registry.npmjs.org/popper.js/-/popper.js-1.16.1.tgz"
    integrity sha512-Wb4p1J4zyFTbM+u6WuO4XstYx4Ky9Cewe4DWrel7B0w6VVICvPwdOpotjzcf6eD8TsckVnIMNONQyPIUFOUbCQ==
  
  source-map-resolve@^0.6.0:
    version "0.6.0"
    resolved "https://registry.npmjs.org/source-map-resolve/-/source-map-resolve-0.6.0.tgz"
    integrity sha512-KXBr9d/fO/bWo97NXsPIAW1bFSBOuCnjbNTBMO7N59hsv5i9yzRDfcYwwt0l04+VqnKC+EwzvJZIP/qkuMgR/w==
    dependencies:
      atob "^2.1.2"
      decode-uri-component "^0.2.0"
  
  source-map@^0.6.1:
    version "0.6.1"
    resolved "https://registry.npmjs.org/source-map/-/source-map-0.6.1.tgz"
    integrity sha512-UjgapumWlbMhkBgzT7Ykc5YXUT46F0iKu8SGXq0bcwP5dz/h0Plj6enJqjz1Zbq2l5WaqYnrVbwWOWMyF3F47g==
