I, [2022-11-12T13:57:54.580519 #22017]  INFO -- : [b6dd19c2-9743-48c0-bc44-dbe8164d5736] Started GET "/" for 127.0.0.1 at 2022-11-12 13:57:54 -0500
I, [2022-11-12T13:57:54.583032 #22017]  INFO -- : [b6dd19c2-9743-48c0-bc44-dbe8164d5736] Processing by BooksController#home as HTML
I, [2022-11-12T13:57:54.593280 #22017]  INFO -- : [b6dd19c2-9743-48c0-bc44-dbe8164d5736] Completed 500 Internal Server Error in 10ms (Allocations: 1612)
F, [2022-11-12T13:57:54.594919 #22017] FATAL -- : [b6dd19c2-9743-48c0-bc44-dbe8164d5736]   
[b6dd19c2-9743-48c0-bc44-dbe8164d5736] ActiveRecord::DatabaseConnectionError (There is an issue connecting to your database with your username/password, username: myapp.

Please check your database configuration to ensure the username/password are valid.
):
[b6dd19c2-9743-48c0-bc44-dbe8164d5736]   
[b6dd19c2-9743-48c0-bc44-dbe8164d5736] app/controllers/books_controller.rb:7:in `home'
I, [2022-11-12T13:58:01.446813 #22017]  INFO -- : [b20a40e7-4751-4f43-87da-28db424fe308] Started GET "/" for 127.0.0.1 at 2022-11-12 13:58:01 -0500
I, [2022-11-12T13:58:01.448075 #22017]  INFO -- : [b20a40e7-4751-4f43-87da-28db424fe308] Processing by BooksController#home as HTML
I, [2022-11-12T13:58:01.452310 #22017]  INFO -- : [b20a40e7-4751-4f43-87da-28db424fe308] Completed 500 Internal Server Error in 4ms (Allocations: 969)
F, [2022-11-12T13:58:01.453711 #22017] FATAL -- : [b20a40e7-4751-4f43-87da-28db424fe308]   
[b20a40e7-4751-4f43-87da-28db424fe308] ActiveRecord::DatabaseConnectionError (There is an issue connecting to your database with your username/password, username: myapp.

Please check your database configuration to ensure the username/password are valid.
):
[b20a40e7-4751-4f43-87da-28db424fe308]   
[b20a40e7-4751-4f43-87da-28db424fe308] app/controllers/books_controller.rb:7:in `home'
I, [2022-11-12T13:58:01.531634 #22017]  INFO -- : [398ea10f-2675-42f9-9bb8-318867641a36] Started GET "/favicon.ico" for 127.0.0.1 at 2022-11-12 13:58:01 -0500
F, [2022-11-12T13:58:01.532787 #22017] FATAL -- : [398ea10f-2675-42f9-9bb8-318867641a36]   
[398ea10f-2675-42f9-9bb8-318867641a36] ActionController::RoutingError (No route matches [GET] "/favicon.ico"):
[398ea10f-2675-42f9-9bb8-318867641a36]   
I, [2022-11-13T13:00:53.749897 #6073]  INFO -- : [9b1f463b-72e9-48e7-a0da-8280d23c983d] Started GET "/" for 127.0.0.1 at 2022-11-13 13:00:53 -0500
I, [2022-11-13T13:00:53.752252 #6073]  INFO -- : [9b1f463b-72e9-48e7-a0da-8280d23c983d] Processing by BooksController#home as HTML
I, [2022-11-13T13:00:53.757789 #6073]  INFO -- : [9b1f463b-72e9-48e7-a0da-8280d23c983d] Completed 500 Internal Server Error in 5ms (Allocations: 1612)
F, [2022-11-13T13:00:53.762133 #6073] FATAL -- : [9b1f463b-72e9-48e7-a0da-8280d23c983d]   
[9b1f463b-72e9-48e7-a0da-8280d23c983d] ActiveRecord::DatabaseConnectionError (There is an issue connecting to your database with your username/password, username: myapp.

Please check your database configuration to ensure the username/password are valid.
):
[9b1f463b-72e9-48e7-a0da-8280d23c983d]   
[9b1f463b-72e9-48e7-a0da-8280d23c983d] app/controllers/books_controller.rb:8:in `home'
I, [2022-11-13T13:00:53.829639 #6073]  INFO -- : [6ef8259a-75b3-4e37-96d7-0fa5f5559324] Started GET "/favicon.ico" for 127.0.0.1 at 2022-11-13 13:00:53 -0500
F, [2022-11-13T13:00:53.831123 #6073] FATAL -- : [6ef8259a-75b3-4e37-96d7-0fa5f5559324]   
[6ef8259a-75b3-4e37-96d7-0fa5f5559324] ActionController::RoutingError (No route matches [GET] "/favicon.ico"):
[6ef8259a-75b3-4e37-96d7-0fa5f5559324]   
I, [2022-11-13T13:01:09.408465 #6073]  INFO -- : [09ffb34b-2845-4b5d-8773-b854d7764ff6] Started GET "/" for 127.0.0.1 at 2022-11-13 13:01:09 -0500
I, [2022-11-13T13:01:09.409306 #6073]  INFO -- : [09ffb34b-2845-4b5d-8773-b854d7764ff6] Processing by BooksController#home as HTML
I, [2022-11-13T13:01:09.413122 #6073]  INFO -- : [09ffb34b-2845-4b5d-8773-b854d7764ff6] Completed 500 Internal Server Error in 4ms (Allocations: 992)
F, [2022-11-13T13:01:09.414365 #6073] FATAL -- : [09ffb34b-2845-4b5d-8773-b854d7764ff6]   
[09ffb34b-2845-4b5d-8773-b854d7764ff6] ActiveRecord::DatabaseConnectionError (There is an issue connecting to your database with your username/password, username: myapp.

Please check your database configuration to ensure the username/password are valid.
):
[09ffb34b-2845-4b5d-8773-b854d7764ff6]   
[09ffb34b-2845-4b5d-8773-b854d7764ff6] app/controllers/books_controller.rb:8:in `home'
I, [2022-11-13T13:01:09.470804 #6073]  INFO -- : [475df789-35dc-423f-b593-8a769823dd5f] Started GET "/favicon.ico" for 127.0.0.1 at 2022-11-13 13:01:09 -0500
F, [2022-11-13T13:01:09.471405 #6073] FATAL -- : [475df789-35dc-423f-b593-8a769823dd5f]   
[475df789-35dc-423f-b593-8a769823dd5f] ActionController::RoutingError (No route matches [GET] "/favicon.ico"):
[475df789-35dc-423f-b593-8a769823dd5f]   
I, [2022-11-13T14:20:03.076671 #12346]  INFO -- : [cff13722-47a9-4312-af16-db1eab70690e] Started GET "/" for 127.0.0.1 at 2022-11-13 14:20:03 -0500
I, [2022-11-13T14:20:03.078660 #12346]  INFO -- : [cff13722-47a9-4312-af16-db1eab70690e] Processing by BooksController#home as HTML
I, [2022-11-13T14:20:03.085895 #12346]  INFO -- : [cff13722-47a9-4312-af16-db1eab70690e] Completed 500 Internal Server Error in 7ms (Allocations: 1659)
F, [2022-11-13T14:20:03.087370 #12346] FATAL -- : [cff13722-47a9-4312-af16-db1eab70690e]   
[cff13722-47a9-4312-af16-db1eab70690e] ActiveRecord::DatabaseConnectionError (There is an issue connecting to your database with your username/password, username: myapp.

Please check your database configuration to ensure the username/password are valid.
):
[cff13722-47a9-4312-af16-db1eab70690e]   
[cff13722-47a9-4312-af16-db1eab70690e] app/controllers/books_controller.rb:8:in `home'
I, [2022-11-13T14:20:12.776382 #12346]  INFO -- : [749028cc-45be-4b6d-a92c-2cc9263d6e4f] Started GET "/" for 127.0.0.1 at 2022-11-13 14:20:12 -0500
I, [2022-11-13T14:20:12.777310 #12346]  INFO -- : [749028cc-45be-4b6d-a92c-2cc9263d6e4f] Processing by BooksController#home as HTML
I, [2022-11-13T14:20:12.783099 #12346]  INFO -- : [749028cc-45be-4b6d-a92c-2cc9263d6e4f] Completed 500 Internal Server Error in 6ms (Allocations: 989)
F, [2022-11-13T14:20:12.784573 #12346] FATAL -- : [749028cc-45be-4b6d-a92c-2cc9263d6e4f]   
[749028cc-45be-4b6d-a92c-2cc9263d6e4f] ActiveRecord::DatabaseConnectionError (There is an issue connecting to your database with your username/password, username: myapp.

Please check your database configuration to ensure the username/password are valid.
):
[749028cc-45be-4b6d-a92c-2cc9263d6e4f]   
[749028cc-45be-4b6d-a92c-2cc9263d6e4f] app/controllers/books_controller.rb:8:in `home'
